Arguments: 
  /snap/node/3292/bin/node /snap/node/3292/bin/yarn.js add typesctript

PATH: 
  /home/faruqismael/.local/bin:/home/faruqismael/.local/bin:/usr/local/sbin:/usr/local/bin:/usr/sbin:/usr/bin:/sbin:/bin:/usr/games:/usr/local/games:/snap/bin

Yarn version: 
  1.22.5

Node version: 
  12.19.0

Platform: 
  linux x64

Trace: 
  Error: https://registry.yarnpkg.com/typesctript: Not found
      at Request.params.callback [as _callback] (/snap/node/3292/lib/cli.js:66988:18)
      at Request.self.callback (/snap/node/3292/lib/cli.js:140749:22)
      at Request.emit (events.js:314:20)
      at Request.<anonymous> (/snap/node/3292/lib/cli.js:141721:10)
      at Request.emit (events.js:314:20)
      at IncomingMessage.<anonymous> (/snap/node/3292/lib/cli.js:141643:12)
      at Object.onceWrapper (events.js:420:28)
      at IncomingMessage.emit (events.js:326:22)
      at endReadableNT (_stream_readable.js:1223:12)
      at processTicksAndRejections (internal/process/task_queues.js:84:21)

npm manifest: 
  {
    "name": "number-system",
    "version": "1.0.0",
    "description": "a program to convert between number systems",
    "main": "main.js",
    "scripts": {
      "test": "echo \"Error: no test specified\" && exit 1"
    },
    "repository": {
      "type": "git",
      "url": "git+https://github.com/faruqismael/binary-conversion.git"
    },
    "author": "Faruq Ismael",
    "license": "MIT",
    "bugs": {
      "url": "https://github.com/faruqismael/binary-conversion/issues"
    },
    "homepage": "https://github.com/faruqismael/binary-conversion#readme"
  }

yarn manifest: 
  No manifest

Lockfile: 
  No lockfile
